<?xml version="1.0" encoding="UTF-8"?>
<!-- Generated by org.testng.reporters.JUnitXMLReporter -->
<testsuite ignored="0" hostname="CDWILT004" failures="2" tests="5" name="Maven" time="2.324" errors="0" timestamp="2022-06-06T16:29:27 SGT">
  <testcase classname="phase2_MVN001.MVN001" name="testM002" time="0.008">
    <failure type="java.lang.AssertionError" message="null">
      <![CDATA[java.lang.AssertionError: null
at phase2_MVN001.MVN001.testM002(MVN001.java:24)
at java.base/java.util.ArrayList.forEach(ArrayList.java:1511)
... Removed 29 stack frames]]>
    </failure>
  </testcase> <!-- testM002 -->
  <testcase classname="phase2_MVN001.MVN001" name="testM001" time="2.077"/>
  <testcase classname="phase2_MVN001.MVN001" name="testM003" time="0.0">
    <skipped/>
  </testcase> <!-- testM003 -->
  <testcase classname="phase2_MVN001.MVN002" name="testM011" time="0.003">
    <failure type="java.lang.AssertionError" message="null">
      <![CDATA[java.lang.AssertionError: null
at phase2_MVN001.MVN002.testM011(MVN002.java:15)
at java.base/java.util.ArrayList.forEach(ArrayList.java:1511)
... Removed 29 stack frames]]>
    </failure>
  </testcase> <!-- testM011 -->
  <testcase classname="phase2_MVN001.MVN002" name="testM022" time="0.0">
    <skipped/>
  </testcase> <!-- testM022 -->
</testsuite> <!-- Maven -->
