<?xml version="1.0" encoding="UTF-8"?>
<!-- Generated by org.testng.reporters.JUnitXMLReporter -->
<testsuite hostname="CDWILT004" ignored="0" name="Maven" tests="5" failures="0" timestamp="2022-06-22T11:15:58 SGT" time="3.54" errors="0">
  <testcase name="testM001" time="3.391" classname="phase2_MVN001.MVN001"/>
  <testcase name="testM002" time="0.0" classname="phase2_MVN001.MVN001"/>
  <testcase name="testM003" time="0.0" classname="phase2_MVN001.MVN001"/>
  <testcase name="testM011" time="0.0" classname="phase2_MVN001.MVN002"/>
  <testcase name="testM022" time="0.0" classname="phase2_MVN001.MVN002"/>
</testsuite> <!-- Maven -->
