<?xml version="1.0" encoding="UTF-8"?>
<testsuite xmlns:xsi="http://www.w3.org/2001/XMLSchema-instance" xsi:noNamespaceSchemaLocation="https://maven.apache.org/surefire/maven-surefire-plugin/xsd/surefire-test-report.xsd" name="TestSuite" time="4.584" tests="5" errors="0" skipped="0" failures="0">
  <properties>
[...]
</properties>
  <testcase name="testM001" classname="phase2_MVN001.MVN001" time="3.39"/>
  <testcase name="testM002" classname="phase2_MVN001.MVN001" time="0"/>
  <testcase name="testM003" classname="phase2_MVN001.MVN001" time="0"/>
  <testcase name="testM011" classname="phase2_MVN001.MVN002" time="0"/>
  <testcase name="testM022" classname="phase2_MVN001.MVN002" time="0"/>
</testsuite>